<?xml version="1.0" encoding="UTF-8"?>
<testng-results skipped="0" failed="0" ignored="0" total="1" passed="1">
  <reporter-output>
  </reporter-output>
  <suite name="Default suite" duration-ms="14379" started-at="2018-12-29T06:38:03Z" finished-at="2018-12-29T06:38:17Z">
    <groups>
    </groups>
    <test name="Default test" duration-ms="14379" started-at="2018-12-29T06:38:03Z" finished-at="2018-12-29T06:38:17Z">
      <class name="com.inetbanking.testCases.TC_LoginTest_001">
        <test-method status="PASS" signature="setup()[pri:0, instance:com.inetbanking.testCases.TC_LoginTest_001@39c0f4a]" name="setup" is-config="true" duration-ms="3709" started-at="2018-12-29T06:38:03Z" finished-at="2018-12-29T06:38:06Z">
          <reporter-output>
          </reporter-output>
        </test-method> <!-- setup -->
        <test-method status="PASS" signature="LoginTest()[pri:0, instance:com.inetbanking.testCases.TC_LoginTest_001@39c0f4a]" name="LoginTest" duration-ms="9912" started-at="2018-12-29T06:38:06Z" finished-at="2018-12-29T06:38:16Z">
          <reporter-output>
          </reporter-output>
        </test-method> <!-- LoginTest -->
        <test-method status="PASS" signature="tearDown()[pri:0, instance:com.inetbanking.testCases.TC_LoginTest_001@39c0f4a]" name="tearDown" is-config="true" duration-ms="715" started-at="2018-12-29T06:38:16Z" finished-at="2018-12-29T06:38:17Z">
          <reporter-output>
          </reporter-output>
        </test-method> <!-- tearDown -->
      </class> <!-- com.inetbanking.testCases.TC_LoginTest_001 -->
    </test> <!-- Default test -->
  </suite> <!-- Default suite -->
</testng-results>
